<?xml version="1.0" encoding="UTF-8"?>
<!-- Generated by org.testng.reporters.JUnitXMLReporter -->
<testsuite hostname="LAPTOP-COQHVDGR" ignored="0" name="Default test" tests="5" failures="0" timestamp="09 May 2021 08:31:46 GMT" time="30.659" errors="0">
  <testcase name="usersTable_1" time="7.161" classname="users_Table.Users_Table"/>
  <testcase name="usersTable_1" time="5.644" classname="users_Table.Users_Table"/>
  <testcase name="usersTable_1" time="5.169" classname="users_Table.Users_Table"/>
  <testcase name="usersTable_1" time="5.866" classname="users_Table.Users_Table"/>
  <testcase name="usersTable_1" time="6.091" classname="users_Table.Users_Table"/>
</testsuite> <!-- Default test -->
