<?xml version="1.0" encoding="UTF-8"?>
<!-- Generated by org.testng.reporters.JUnitXMLReporter -->
<testsuite hostname="LAPTOP-COQHVDGR" ignored="0" name="Default test" tests="5" failures="0" timestamp="10 May 2021 05:25:39 GMT" time="17.742" errors="0">
  <testcase name="usersTable_1" time="4.554" classname="users_Table.Users_Table"/>
  <testcase name="usersTable_1" time="3.065" classname="users_Table.Users_Table"/>
  <testcase name="usersTable_1" time="3.084" classname="users_Table.Users_Table"/>
  <testcase name="usersTable_1" time="3.045" classname="users_Table.Users_Table"/>
  <testcase name="usersTable_1" time="3.063" classname="users_Table.Users_Table"/>
</testsuite> <!-- Default test -->
