<?xml version="1.0" encoding="UTF-8"?>
<testng-results skipped="0" failed="0" ignored="0" total="5" passed="5">
  <reporter-output>
  </reporter-output>
  <suite name="Default suite" duration-ms="30659" started-at="2021-05-09T08:31:15Z" finished-at="2021-05-09T08:31:46Z">
    <groups>
    </groups>
    <test name="Default test" duration-ms="30659" started-at="2021-05-09T08:31:15Z" finished-at="2021-05-09T08:31:46Z">
      <class name="users_Table.Users_Table">
        <test-method status="PASS" signature="usersTable_1(java.lang.String, java.lang.String, java.lang.String, java.lang.String, java.lang.String, java.lang.String, java.lang.String, java.lang.String)[pri:0, instance:users_Table.Users_Table@6f7fd0e6]" name="usersTable_1" duration-ms="7161" started-at="2021-05-09T14:01:16Z" data-provider="dp_register" finished-at="2021-05-09T14:01:23Z">
          <params>
            <param index="0">
              <value>
                <![CDATA[#]]>
              </value>
            </param>
            <param index="1">
              <value>
                <![CDATA[Username]]>
              </value>
            </param>
            <param index="2">
              <value>
                <![CDATA[Email]]>
              </value>
            </param>
            <param index="3">
              <value>
                <![CDATA[Mobile]]>
              </value>
            </param>
            <param index="4">
              <value>
                <![CDATA[Course]]>
              </value>
            </param>
            <param index="5">
              <value>
                <![CDATA[Gender]]>
              </value>
            </param>
            <param index="6">
              <value>
                <![CDATA[State]]>
              </value>
            </param>
            <param index="7">
              <value>
                <![CDATA[Action]]>
              </value>
            </param>
          </params>
          <reporter-output>
          </reporter-output>
        </test-method> <!-- usersTable_1 -->
        <test-method status="PASS" signature="usersTable_1(java.lang.String, java.lang.String, java.lang.String, java.lang.String, java.lang.String, java.lang.String, java.lang.String, java.lang.String)[pri:0, instance:users_Table.Users_Table@6f7fd0e6]" name="usersTable_1" duration-ms="5644" started-at="2021-05-09T14:01:23Z" data-provider="dp_register" finished-at="2021-05-09T14:01:29Z">
          <params>
            <param index="0">
              <value>
                <![CDATA[1]]>
              </value>
            </param>
            <param index="1">
              <value>
                <![CDATA[Kiran]]>
              </value>
            </param>
            <param index="2">
              <value>
                <![CDATA[kiran@gmail.com]]>
              </value>
            </param>
            <param index="3">
              <value>
                <![CDATA[9898989898]]>
              </value>
            </param>
            <param index="4">
              <value>
                <![CDATA[Java/J2EE]]>
              </value>
            </param>
            <param index="5">
              <value>
                <![CDATA[Male]]>
              </value>
            </param>
            <param index="6">
              <value>
                <![CDATA[Maharashtra]]>
              </value>
            </param>
            <param index="7">
              <value>
                <![CDATA[Delete]]>
              </value>
            </param>
          </params>
          <reporter-output>
          </reporter-output>
        </test-method> <!-- usersTable_1 -->
        <test-method status="PASS" signature="usersTable_1(java.lang.String, java.lang.String, java.lang.String, java.lang.String, java.lang.String, java.lang.String, java.lang.String, java.lang.String)[pri:0, instance:users_Table.Users_Table@6f7fd0e6]" name="usersTable_1" duration-ms="5169" started-at="2021-05-09T14:01:29Z" data-provider="dp_register" finished-at="2021-05-09T14:01:34Z">
          <params>
            <param index="0">
              <value>
                <![CDATA[2]]>
              </value>
            </param>
            <param index="1">
              <value>
                <![CDATA[Sagar]]>
              </value>
            </param>
            <param index="2">
              <value>
                <![CDATA[sagar@gmail.com]]>
              </value>
            </param>
            <param index="3">
              <value>
                <![CDATA[999999999]]>
              </value>
            </param>
            <param index="4">
              <value>
                <![CDATA[Selenium]]>
              </value>
            </param>
            <param index="5">
              <value>
                <![CDATA[Male]]>
              </value>
            </param>
            <param index="6">
              <value>
                <![CDATA[Punjab]]>
              </value>
            </param>
            <param index="7">
              <value>
                <![CDATA[Delete]]>
              </value>
            </param>
          </params>
          <reporter-output>
          </reporter-output>
        </test-method> <!-- usersTable_1 -->
        <test-method status="PASS" signature="usersTable_1(java.lang.String, java.lang.String, java.lang.String, java.lang.String, java.lang.String, java.lang.String, java.lang.String, java.lang.String)[pri:0, instance:users_Table.Users_Table@6f7fd0e6]" name="usersTable_1" duration-ms="5866" started-at="2021-05-09T14:01:34Z" data-provider="dp_register" finished-at="2021-05-09T14:01:40Z">
          <params>
            <param index="0">
              <value>
                <![CDATA[3]]>
              </value>
            </param>
            <param index="1">
              <value>
                <![CDATA[Monica]]>
              </value>
            </param>
            <param index="2">
              <value>
                <![CDATA[monica@gmail.com]]>
              </value>
            </param>
            <param index="3">
              <value>
                <![CDATA[1111111111]]>
              </value>
            </param>
            <param index="4">
              <value>
                <![CDATA[Python]]>
              </value>
            </param>
            <param index="5">
              <value>
                <![CDATA[Female]]>
              </value>
            </param>
            <param index="6">
              <value>
                <![CDATA[Maharashtra]]>
              </value>
            </param>
            <param index="7">
              <value>
                <![CDATA[Delete]]>
              </value>
            </param>
          </params>
          <reporter-output>
          </reporter-output>
        </test-method> <!-- usersTable_1 -->
        <test-method status="PASS" signature="usersTable_1(java.lang.String, java.lang.String, java.lang.String, java.lang.String, java.lang.String, java.lang.String, java.lang.String, java.lang.String)[pri:0, instance:users_Table.Users_Table@6f7fd0e6]" name="usersTable_1" duration-ms="6091" started-at="2021-05-09T14:01:40Z" data-provider="dp_register" finished-at="2021-05-09T14:01:46Z">
          <params>
            <param index="0">
              <value>
                <![CDATA[4]]>
              </value>
            </param>
            <param index="1">
              <value>
                <![CDATA[Kimaya]]>
              </value>
            </param>
            <param index="2">
              <value>
                <![CDATA[kimaya@gmail.com]]>
              </value>
            </param>
            <param index="3">
              <value>
                <![CDATA[999999999]]>
              </value>
            </param>
            <param index="4">
              <value>
                <![CDATA[PHP]]>
              </value>
            </param>
            <param index="5">
              <value>
                <![CDATA[Female]]>
              </value>
            </param>
            <param index="6">
              <value>
                <![CDATA[Punjab]]>
              </value>
            </param>
            <param index="7">
              <value>
                <![CDATA[Delete]]>
              </value>
            </param>
          </params>
          <reporter-output>
          </reporter-output>
        </test-method> <!-- usersTable_1 -->
      </class> <!-- users_Table.Users_Table -->
    </test> <!-- Default test -->
  </suite> <!-- Default suite -->
</testng-results>
